
ROM used:   274/8192 (3%)
            274/8192 (3%) including unused fragments

            0.1 Average locations per line
            0.7 Average locations per statement

RAM used:   23/368 (6%) at main() level
            30/368 (8%) worst case

Stack used: 2 worst case (2 in main + 0 for interrupts)
Stack size: 8

Lines Stmts  %   Files
----- ----- ---  -----
   52     7   2  prueba_tm1637.c
  639     0   0  ..\..\..\..\Program Files (x86)\PICC\Devices\16F877.h
  423     0   0  ..\..\..\..\Program Files (x86)\PICC\Drivers\string.h
   32     0   0  ..\..\..\..\Program Files (x86)\PICC\Drivers\stddef.h
   28     0   0  ..\..\..\..\Program Files (x86)\PICC\Drivers\ctype.h
 1351   359  88  ..\..\..\..\Program Files (x86)\PICC\Drivers\stdlib.h
  114    43  11  display_tm1637.h
----- -----
 2639   409 Total

Page ROM  %  RAM   Vol Diff  Functions:
---- --- --- ---   --- ----  ----------
0     23   8    1             @delay_ms1
0     18   7    0    72  1.2  start
0     32  12    0   134  1.3  stop
0     81  30    3   585  6.0  writebyte
0     10   4    2    65  1.6  init_tm1637
0     45  16    5   308  2.9  write_full_display
0     61  22    2   172  2.7  MAIN
 Inline         0   195  2.7  @cinit1

Program metrics:
    Functions               7
    Statements              409
    Comments                660
    Volume (V)              2318
    Difficulty (D)          18.6
    Effort to implement (E) 43159
    Time to implement (T)   40 minutes
    Est Delivered Bugs (B)  0
    Cyclomatic Complexity   3
    Maintainability (MI)    106

 Segment     Used  Free
-----------  ----  ----
00000-00003     4  0  
00004-007FF   270  1774  
00800-00FFF     0  2048  
01000-017FF     0  2048  
01800-01FFF     0  2048  



